4ba2a526974c
*** Found local files:
***   * /opt/airflow/logs/dag_id=shepeta_fp_datalake_pipeline/run_id=manual__2026-04-26T13:47:38.908519+00:00/task_id=silver_to_gold/attempt=1.log
[2026-04-26T13:49:40.970+0000] {local_task_job_runner.py:120} INFO - ::group::Pre task execution logs
[2026-04-26T13:49:41.007+0000] {taskinstance.py:2076} INFO - Dependencies all met for dep_context=non-requeueable deps ti=<TaskInstance: shepeta_fp_datalake_pipeline.silver_to_gold manual__2026-04-26T13:47:38.908519+00:00 [queued]>
[2026-04-26T13:49:41.017+0000] {taskinstance.py:2076} INFO - Dependencies all met for dep_context=requeueable deps ti=<TaskInstance: shepeta_fp_datalake_pipeline.silver_to_gold manual__2026-04-26T13:47:38.908519+00:00 [queued]>
[2026-04-26T13:49:41.018+0000] {taskinstance.py:2306} INFO - Starting attempt 1 of 1
[2026-04-26T13:49:41.035+0000] {taskinstance.py:2330} INFO - Executing <Task(BashOperator): silver_to_gold> on 2026-04-26 13:47:38.908519+00:00
[2026-04-26T13:49:41.044+0000] {warnings.py:112} WARNING - /home/***/.local/lib/python3.12/site-packages/***/task/task_runner/standard_task_runner.py:62: DeprecationWarning: This process (pid=1295840) is multi-threaded, use of fork() may lead to deadlocks in the child.
  pid = os.fork()
[2026-04-26T13:49:41.046+0000] {standard_task_runner.py:64} INFO - Started process 1295842 to run task
[2026-04-26T13:49:41.047+0000] {standard_task_runner.py:90} INFO - Running: ['***', 'tasks', 'run', 'shepeta_fp_datalake_pipeline', 'silver_to_gold', 'manual__2026-04-26T13:47:38.908519+00:00', '--job-id', '127393', '--raw', '--subdir', 'DAGS_FOLDER/dags/shepeta_fp/project_solution.py', '--cfg-path', '/tmp/tmp909nfwhf']
[2026-04-26T13:49:41.051+0000] {standard_task_runner.py:91} INFO - Job 127393: Subtask silver_to_gold
[2026-04-26T13:49:41.117+0000] {task_command.py:426} INFO - Running <TaskInstance: shepeta_fp_datalake_pipeline.silver_to_gold manual__2026-04-26T13:47:38.908519+00:00 [running]> on host 4ba2a526974c
[2026-04-26T13:49:41.255+0000] {taskinstance.py:2648} INFO - Exporting env vars: AIRFLOW_CTX_DAG_OWNER='***' AIRFLOW_CTX_DAG_ID='shepeta_fp_datalake_pipeline' AIRFLOW_CTX_TASK_ID='silver_to_gold' AIRFLOW_CTX_EXECUTION_DATE='2026-04-26T13:47:38.908519+00:00' AIRFLOW_CTX_TRY_NUMBER='1' AIRFLOW_CTX_DAG_RUN_ID='manual__2026-04-26T13:47:38.908519+00:00'
[2026-04-26T13:49:41.258+0000] {taskinstance.py:430} INFO - ::endgroup::
[2026-04-26T13:49:41.259+0000] {subprocess.py:63} INFO - Tmp dir root location: /tmp
[2026-04-26T13:49:41.260+0000] {subprocess.py:75} INFO - Running command: ['/usr/bin/bash', '-c', 'spark-submit --master local[2] /opt/***/dags/dags/shepeta_fp/silver_to_gold.py']
[2026-04-26T13:49:41.275+0000] {subprocess.py:86} INFO - Output:
[2026-04-26T13:49:45.027+0000] {subprocess.py:93} INFO - 26/04/26 13:49:45 INFO SparkContext: Running Spark version 3.5.2
[2026-04-26T13:49:45.030+0000] {subprocess.py:93} INFO - 26/04/26 13:49:45 INFO SparkContext: OS info Linux, 5.15.0-27-generic, amd64
[2026-04-26T13:49:45.031+0000] {subprocess.py:93} INFO - 26/04/26 13:49:45 INFO SparkContext: Java version 17.0.12
[2026-04-26T13:49:45.114+0000] {subprocess.py:93} INFO - 26/04/26 13:49:45 WARN NativeCodeLoader: Unable to load native-hadoop library for your platform... using builtin-java classes where applicable
[2026-04-26T13:49:45.236+0000] {subprocess.py:93} INFO - 26/04/26 13:49:45 INFO ResourceUtils: ==============================================================
[2026-04-26T13:49:45.237+0000] {subprocess.py:93} INFO - 26/04/26 13:49:45 INFO ResourceUtils: No custom resources configured for spark.driver.
[2026-04-26T13:49:45.237+0000] {subprocess.py:93} INFO - 26/04/26 13:49:45 INFO ResourceUtils: ==============================================================
[2026-04-26T13:49:45.238+0000] {subprocess.py:93} INFO - 26/04/26 13:49:45 INFO SparkContext: Submitted application: SilverToGold
[2026-04-26T13:49:45.266+0000] {subprocess.py:93} INFO - 26/04/26 13:49:45 INFO ResourceProfile: Default ResourceProfile created, executor resources: Map(cores -> name: cores, amount: 1, script: , vendor: , memory -> name: memory, amount: 1024, script: , vendor: , offHeap -> name: offHeap, amount: 0, script: , vendor: ), task resources: Map(cpus -> name: cpus, amount: 1.0)
[2026-04-26T13:49:45.278+0000] {subprocess.py:93} INFO - 26/04/26 13:49:45 INFO ResourceProfile: Limiting resource is cpu
[2026-04-26T13:49:45.279+0000] {subprocess.py:93} INFO - 26/04/26 13:49:45 INFO ResourceProfileManager: Added ResourceProfile id: 0
[2026-04-26T13:49:45.365+0000] {subprocess.py:93} INFO - 26/04/26 13:49:45 INFO SecurityManager: Changing view acls to: root
[2026-04-26T13:49:45.365+0000] {subprocess.py:93} INFO - 26/04/26 13:49:45 INFO SecurityManager: Changing modify acls to: root
[2026-04-26T13:49:45.369+0000] {subprocess.py:93} INFO - 26/04/26 13:49:45 INFO SecurityManager: Changing view acls groups to:
[2026-04-26T13:49:45.369+0000] {subprocess.py:93} INFO - 26/04/26 13:49:45 INFO SecurityManager: Changing modify acls groups to:
[2026-04-26T13:49:45.370+0000] {subprocess.py:93} INFO - 26/04/26 13:49:45 INFO SecurityManager: SecurityManager: authentication disabled; ui acls disabled; users with view permissions: root; groups with view permissions: EMPTY; users with modify permissions: root; groups with modify permissions: EMPTY
[2026-04-26T13:49:45.670+0000] {subprocess.py:93} INFO - 26/04/26 13:49:45 INFO Utils: Successfully started service 'sparkDriver' on port 42485.
[2026-04-26T13:49:45.704+0000] {subprocess.py:93} INFO - 26/04/26 13:49:45 INFO SparkEnv: Registering MapOutputTracker
[2026-04-26T13:49:45.749+0000] {subprocess.py:93} INFO - 26/04/26 13:49:45 INFO SparkEnv: Registering BlockManagerMaster
[2026-04-26T13:49:45.776+0000] {subprocess.py:93} INFO - 26/04/26 13:49:45 INFO BlockManagerMasterEndpoint: Using org.apache.spark.storage.DefaultTopologyMapper for getting topology information
[2026-04-26T13:49:45.777+0000] {subprocess.py:93} INFO - 26/04/26 13:49:45 INFO BlockManagerMasterEndpoint: BlockManagerMasterEndpoint up
[2026-04-26T13:49:45.782+0000] {subprocess.py:93} INFO - 26/04/26 13:49:45 INFO SparkEnv: Registering BlockManagerMasterHeartbeat
[2026-04-26T13:49:45.809+0000] {subprocess.py:93} INFO - 26/04/26 13:49:45 INFO DiskBlockManager: Created local directory at /tmp/blockmgr-24b86852-a195-474f-8fa1-109ce07cdaee
[2026-04-26T13:49:45.839+0000] {subprocess.py:93} INFO - 26/04/26 13:49:45 INFO MemoryStore: MemoryStore started with capacity 434.4 MiB
[2026-04-26T13:49:45.887+0000] {subprocess.py:93} INFO - 26/04/26 13:49:45 INFO SparkEnv: Registering OutputCommitCoordinator
[2026-04-26T13:49:46.120+0000] {subprocess.py:93} INFO - 26/04/26 13:49:46 INFO JettyUtils: Start Jetty 0.0.0.0:4040 for SparkUI
[2026-04-26T13:49:46.186+0000] {subprocess.py:93} INFO - 26/04/26 13:49:46 INFO Utils: Successfully started service 'SparkUI' on port 4040.
[2026-04-26T13:49:46.320+0000] {subprocess.py:93} INFO - 26/04/26 13:49:46 INFO Executor: Starting executor ID driver on host 4ba2a526974c
[2026-04-26T13:49:46.320+0000] {subprocess.py:93} INFO - 26/04/26 13:49:46 INFO Executor: OS info Linux, 5.15.0-27-generic, amd64
[2026-04-26T13:49:46.320+0000] {subprocess.py:93} INFO - 26/04/26 13:49:46 INFO Executor: Java version 17.0.12
[2026-04-26T13:49:46.334+0000] {subprocess.py:93} INFO - 26/04/26 13:49:46 INFO Executor: Starting executor with user classpath (userClassPathFirst = false): ''
[2026-04-26T13:49:46.335+0000] {subprocess.py:93} INFO - 26/04/26 13:49:46 INFO Executor: Created or updated repl class loader org.apache.spark.util.MutableURLClassLoader@bd36d8c for default.
[2026-04-26T13:49:46.360+0000] {subprocess.py:93} INFO - 26/04/26 13:49:46 INFO Utils: Successfully started service 'org.apache.spark.network.netty.NettyBlockTransferService' on port 44897.
[2026-04-26T13:49:46.361+0000] {subprocess.py:93} INFO - 26/04/26 13:49:46 INFO NettyBlockTransferService: Server created on 4ba2a526974c:44897
[2026-04-26T13:49:46.363+0000] {subprocess.py:93} INFO - 26/04/26 13:49:46 INFO BlockManager: Using org.apache.spark.storage.RandomBlockReplicationPolicy for block replication policy
[2026-04-26T13:49:46.371+0000] {subprocess.py:93} INFO - 26/04/26 13:49:46 INFO BlockManagerMaster: Registering BlockManager BlockManagerId(driver, 4ba2a526974c, 44897, None)
[2026-04-26T13:49:46.375+0000] {subprocess.py:93} INFO - 26/04/26 13:49:46 INFO BlockManagerMasterEndpoint: Registering block manager 4ba2a526974c:44897 with 434.4 MiB RAM, BlockManagerId(driver, 4ba2a526974c, 44897, None)
[2026-04-26T13:49:46.378+0000] {subprocess.py:93} INFO - 26/04/26 13:49:46 INFO BlockManagerMaster: Registered BlockManager BlockManagerId(driver, 4ba2a526974c, 44897, None)
[2026-04-26T13:49:46.380+0000] {subprocess.py:93} INFO - 26/04/26 13:49:46 INFO BlockManager: Initialized BlockManager: BlockManagerId(driver, 4ba2a526974c, 44897, None)
[2026-04-26T13:49:46.854+0000] {subprocess.py:93} INFO - ============================================================
[2026-04-26T13:49:46.855+0000] {subprocess.py:93} INFO - Зчитуємо silver/athlete_bio
[2026-04-26T13:49:46.855+0000] {subprocess.py:93} INFO - ============================================================
[2026-04-26T13:49:52.643+0000] {subprocess.py:93} INFO - athlete_bio (silver): 155861 rows
[2026-04-26T13:49:54.643+0000] {subprocess.py:93} INFO - +----------+----------------+------+---------------+------+------+------------+-----------+----------------------------------------------------------------------------------------------------------------------------------------------------------------------------------------------------------------------------------------------------------------------------------------------------------------------------------------------------------------------------------------------------------------------------------------------------------------------------------------------------------------------------------------------------------------------------------------------------------------------------------------------------------------------------------------------------------------------------------------------------------------------------------------------------------------------------------------------------------------------------------------------------------------------------------------------------------------------------------------------------------------------------------------------------------------------+------------------------------------------------------------------------------------------------------------------------------------------------------------+
[2026-04-26T13:49:54.644+0000] {subprocess.py:93} INFO - |athlete_id|name            |sex   |born           |height|weight|country     |country_noc|description                                                                                                                                                                                                                                                                                                                                                                                                                                                                                                                                                                                                                                                                                                                                                                                                                                                                                                                                                                                                                                                           |special_notes                                                                                                                                               |
[2026-04-26T13:49:54.644+0000] {subprocess.py:93} INFO - +----------+----------------+------+---------------+------+------+------------+-----------+----------------------------------------------------------------------------------------------------------------------------------------------------------------------------------------------------------------------------------------------------------------------------------------------------------------------------------------------------------------------------------------------------------------------------------------------------------------------------------------------------------------------------------------------------------------------------------------------------------------------------------------------------------------------------------------------------------------------------------------------------------------------------------------------------------------------------------------------------------------------------------------------------------------------------------------------------------------------------------------------------------------------------------------------------------------------+------------------------------------------------------------------------------------------------------------------------------------------------------------+
[2026-04-26T13:49:54.644+0000] {subprocess.py:93} INFO - |100169    |GalitChait      |Female|29January1975  |153   |45    |Israel      |ISR        |Dance1994WorldChampionshipsFNRwithMaximSevostianovanonOlympianISR.1996WorldChampionships231997WorldChampionships181998WorldChampionships141999WorldChampionships132000WorldChampionships52002WorldChampionships32003WorldChampionships62004WorldChampionships72005WorldChampionships62006WorldChampionships61997EuropeanChampionships141998EuropeanChampionships121999EuropeanChampionships102000EuropeanChampionships62001EuropeanChampionships52002EuropeanChampionships52003EuropeanChampionships62004EuropeanChampionships52005EuropeanChampionships42006EuropeanChampionships5withSergeySakhnovskyISR.                                                                                                                                                                                                                                                                                                                                                                                                                                                           |ListedinOlympiansWhoWonaMedalattheWorldFigureSkatingChampionships0012002Naganobronzeicedancing                                                              |
[2026-04-26T13:49:54.645+0000] {subprocess.py:93} INFO - |81811     |JenniMeno       |Female|19November1970 |152   |44    |UnitedStates|USA        |JenniMenowasanAmericanpairsskaterwhostartedhercareerwithScottWendland,winningabronzemedalatthe1991USChampionships,andasilvermedalin1992.AttheWorldChampionships,theywere10thin1991and11thin1992,andcompetedtogetheratthe1992WinterOlympics.AftertheWinterOlympics,MenoswitchedtoskatingwithToddSand.Theywouldcompetetogetherincompetitionthroughthe1998seasonandskatedprofessionallywithStarsonIceforsixseasons.TheyalsofellinloveandweremarriedinJuly1995.MenoandSandwereUSChampionsin199496,wonthePragueSkatein1993,andtheNHKTrophyin1997.AttheWorldChampionshipstheywerethirdin199596andsecondin1998,aftertheyhadplacedeighthattheWinterOlympics.MenoandSandhavetwochildrenandworkasskatingcoaches.                                                                                                                                                                                                                                                                                                                                                                |WifeofToddSandListedinOlympiansWhoWonaMedalattheWorldFigureSkatingChampionships0121995Birminghambronzepairs1996Edmontonbronzepairs1998Minneapolissilverpairs|
[2026-04-26T13:49:54.645+0000] {subprocess.py:93} INFO - |57018     |NorbSchemansky  |Male  |30May1924      |181   |90121 |UnitedStates|USA        |NorbSchemanskywasthefirstOlympicweightliftertowinfourOlympicmedals,andthru2008,nobodyhaswonmoreOlympicmedals,althoughtherecordhasbeenequalledseveraltimes.Hefirstbecameprominentinternationallywhenhefinishedsecondinthe1947WorldChampionships,behindJohnDavis.ThoughSchemanskyhadseveralsecondplacefinishes,bothattheOlympicsandWorlds,hewononeOlympicgoldmedal,andthreeWorldChampionships1951,1953,and1954.Hewonhisfirstnationaltitleinthe1949AAUheavyweightdivisionandwouldwineightmore,endingupwiththe1965AAUheavyweighttitle.Healsowontheheavyweightgoldmedalatthe1955PanAmericanGames.Duringhiscareer,Schemanskyset24worldrecords,includingin1964becomingthefirstmantorecorda3lifttotalofover1,200lbs545.5kg.Heworkedasafiremanearlyinhiscareer,butwasfiredwhenhetookleavetoattendthe1952HelsinkiOlympics,atwhichhewongold.Schemanskyretiredfromcompetitiveliftingin1972andlaterworkedasacivilengineerinhishometownofDearborn,Michigan.HeisamemberoftheNationalWeightliftingHallofFame,theNationalPolishAmericanSportsHallofFame,andtheMichiganSportsHallofFame.|ListedinOlympiansWhoWonaMedalattheSummerPanAmericanGames1001955CiudaddeMxicoWLTgoldheavyweight90kg                                                          |
[2026-04-26T13:49:54.645+0000] {subprocess.py:93} INFO - |77767     |AliceBrown      |Female|20September1960|159   |59    |UnitedStates|USA        |AliceBrownsprintedatboththe1984and1988Olympics,winningasilvermedalinthe100metresatthe1984LosAngelesOlympicsandgoldmedalsinbothsprintrelays.Brownalsoaddedagoldmedalintherelayatthe1987WorldChampionships.Averyfaststarter,Brownwasleadoffrunneronthoserelays.BrownranincollegeforCalStateNorthridge.ShewasUSChampioninthe100in1980andwonthe1980OlympicTrialsinthe100.BrownalsoplacedsecondattheNationalsinthe100in1984and198687,inadditiontothe1984USOlympicTrials.PersonalBest10010.921988.                                                                                                                                                                                                                                                                                                                                                                                                                                                                                                                                                                          |ListedinOlympiansWhoWonaMedalattheWorldAthleticsChampionships1001987Romegold4100mrelay                                                                      |
[2026-04-26T13:49:54.646+0000] {subprocess.py:93} INFO - |87718     |MasakazuKagiyama|Male  |12April1971    |160   |60    |Japan       |JPN        |MasakazuKagiyamahadthefollowingplacementsatmajorinternationalchampionshipsMen1991WorldChampionships10th1992WorldChampionships19th1993WorldChampionships8th1994WorldChampionships6th.                                                                                                                                                                                                                                                                                                                                                                                                                                                                                                                                                                                                                                                                                                                                                                                                                                                                                  |FatherofYumaKagiyamaListedinOlympiansWhoWonaMedalattheWinterUniversiade0011993ZakopaneFSKbronzesingles                                                      |
[2026-04-26T13:49:54.646+0000] {subprocess.py:93} INFO - +----------+----------------+------+---------------+------+------+------------+-----------+----------------------------------------------------------------------------------------------------------------------------------------------------------------------------------------------------------------------------------------------------------------------------------------------------------------------------------------------------------------------------------------------------------------------------------------------------------------------------------------------------------------------------------------------------------------------------------------------------------------------------------------------------------------------------------------------------------------------------------------------------------------------------------------------------------------------------------------------------------------------------------------------------------------------------------------------------------------------------------------------------------------------------------------------------------------------+------------------------------------------------------------------------------------------------------------------------------------------------------------+
[2026-04-26T13:49:54.646+0000] {subprocess.py:93} INFO - only showing top 5 rows
[2026-04-26T13:49:54.646+0000] {subprocess.py:93} INFO - 
[2026-04-26T13:49:54.647+0000] {subprocess.py:93} INFO - ============================================================
[2026-04-26T13:49:54.647+0000] {subprocess.py:93} INFO - Зчитуємо silver/athlete_event_results
[2026-04-26T13:49:54.647+0000] {subprocess.py:93} INFO - ============================================================
[2026-04-26T13:49:54.974+0000] {subprocess.py:93} INFO - athlete_event_results (silver): 315626 rows
[2026-04-26T13:49:55.269+0000] {subprocess.py:93} INFO - +------------------+----------+-----------+-----------+------------------+---------+------------+----------+---+------+-----------+
[2026-04-26T13:49:55.270+0000] {subprocess.py:93} INFO - |edition           |edition_id|country_noc|sport      |event             |result_id|athlete     |athlete_id|pos|medal |isTeamSport|
[2026-04-26T13:49:55.270+0000] {subprocess.py:93} INFO - +------------------+----------+-----------+-----------+------------------+---------+------------+----------+---+------+-----------+
[2026-04-26T13:49:55.270+0000] {subprocess.py:93} INFO - |2000SummerOlympics|25        |CMR        |Football   |Football,Men      |34161    |Lauren      |91011     |1  |Gold  |true       |
[2026-04-26T13:49:55.271+0000] {subprocess.py:93} INFO - |2020SummerOlympics|61        |CIV        |Taekwondo  |Welterweight,Women|19004456 |RuthGbagbi  |120950    |3  |Bronze|false      |
[2026-04-26T13:49:55.271+0000] {subprocess.py:93} INFO - |1972SummerOlympics|18        |PRK        |Volleyball |Volleyball,Women  |37192    |JongOkJin   |102576    |3  |Bronze|true       |
[2026-04-26T13:49:55.271+0000] {subprocess.py:93} INFO - |2016SummerOlympics|59        |CRO        |WaterPolo  |WaterPolo,Men     |396300   |LukaLonar   |133337    |2  |Silver|true       |
[2026-04-26T13:49:55.271+0000] {subprocess.py:93} INFO - |2020SummerOlympics|61        |FIJ        |RugbySevens|RugbySevens,Women |19010045 |LavenaCavuru|142632    |3  |Bronze|true       |
[2026-04-26T13:49:55.272+0000] {subprocess.py:93} INFO - +------------------+----------+-----------+-----------+------------------+---------+------------+----------+---+------+-----------+
[2026-04-26T13:49:55.272+0000] {subprocess.py:93} INFO - only showing top 5 rows
[2026-04-26T13:49:55.272+0000] {subprocess.py:93} INFO - 
[2026-04-26T13:49:55.272+0000] {subprocess.py:93} INFO - ============================================================
[2026-04-26T13:49:55.273+0000] {subprocess.py:93} INFO - Join за athlete_id
[2026-04-26T13:49:55.273+0000] {subprocess.py:93} INFO - ============================================================
[2026-04-26T13:49:56.486+0000] {subprocess.py:93} INFO - Joined: 315619 rows
[2026-04-26T13:49:56.576+0000] {subprocess.py:93} INFO - ============================================================
[2026-04-26T13:49:56.576+0000] {subprocess.py:93} INFO - Агрегація avg(weight, height) по sport/medal/sex/country_noc
[2026-04-26T13:49:56.576+0000] {subprocess.py:93} INFO - ============================================================
[2026-04-26T13:49:59.064+0000] {subprocess.py:93} INFO - Gold: 12595 rows
[2026-04-26T13:50:00.982+0000] {subprocess.py:93} INFO - +---------------+------+------+-----------+------------------+-----------------+-------------------------+
[2026-04-26T13:50:00.982+0000] {subprocess.py:93} INFO - |sport          |medal |sex   |country_noc|avg_height        |avg_weight       |timestamp                |
[2026-04-26T13:50:00.982+0000] {subprocess.py:93} INFO - +---------------+------+------+-----------+------------------+-----------------+-------------------------+
[2026-04-26T13:50:00.983+0000] {subprocess.py:93} INFO - |Athletics      |Bronze|Male  |SUI        |200.0             |128.0            |2026-04-26 13:49:59.08895|
[2026-04-26T13:50:00.983+0000] {subprocess.py:93} INFO - |Judo           |Silver|Female|JPN        |160.6             |12569.0          |2026-04-26 13:49:59.08895|
[2026-04-26T13:50:00.983+0000] {subprocess.py:93} INFO - |Sailing        |Silver|Male  |GDR        |176.8             |80.6             |2026-04-26 13:49:59.08895|
[2026-04-26T13:50:00.984+0000] {subprocess.py:93} INFO - |Swimming       |Gold  |Female|UKR        |182.0             |70.0             |2026-04-26 13:49:59.08895|
[2026-04-26T13:50:00.984+0000] {subprocess.py:93} INFO - |CanoeSprint    |Gold  |Male  |NZL        |178.9             |84.3             |2026-04-26 13:49:59.08895|
[2026-04-26T13:50:00.984+0000] {subprocess.py:93} INFO - |FreestyleSkiing|Bronze|Female|NOR        |169.0             |62.0             |2026-04-26 13:49:59.08895|
[2026-04-26T13:50:00.984+0000] {subprocess.py:93} INFO - |CyclingTrack   |Gold  |Male  |FRA        |180.1578947368421 |77.42105263157895|2026-04-26 13:49:59.08895|
[2026-04-26T13:50:00.984+0000] {subprocess.py:93} INFO - |Luge           |Silver|Female|GDR        |172.4             |72.4             |2026-04-26 13:49:59.08895|
[2026-04-26T13:50:00.985+0000] {subprocess.py:93} INFO - |Archery        |Silver|Male  |FRA        |180.0             |83.0             |2026-04-26 13:49:59.08895|
[2026-04-26T13:50:00.985+0000] {subprocess.py:93} INFO - |Boxing         |Bronze|Male  |VEN        |165.0             |52.5             |2026-04-26 13:49:59.08895|
[2026-04-26T13:50:00.985+0000] {subprocess.py:93} INFO - |Shooting       |Silver|Male  |FRA        |179.6             |75.8             |2026-04-26 13:49:59.08895|
[2026-04-26T13:50:00.985+0000] {subprocess.py:93} INFO - |Badminton      |Silver|Male  |INA        |174.16666666666666|70.66666666666667|2026-04-26 13:49:59.08895|
[2026-04-26T13:50:00.986+0000] {subprocess.py:93} INFO - |CanoeMarathon  |Bronze|Male  |TCH        |NULL              |NULL             |2026-04-26 13:49:59.08895|
[2026-04-26T13:50:00.986+0000] {subprocess.py:93} INFO - |Basketball     |NULL  |Male  |PHI        |181.2972972972973 |76.21621621621621|2026-04-26 13:49:59.08895|
[2026-04-26T13:50:00.986+0000] {subprocess.py:93} INFO - |Athletics      |NULL  |Male  |DOM        |174.0952380952381 |68.03174603174604|2026-04-26 13:49:59.08895|
[2026-04-26T13:50:00.986+0000] {subprocess.py:93} INFO - |Sailing        |NULL  |Male  |ITA        |179.26351351351352|78.32432432432432|2026-04-26 13:49:59.08895|
[2026-04-26T13:50:00.987+0000] {subprocess.py:93} INFO - |Judo           |NULL  |Male  |USA        |179.43103448275863|84.79310344827586|2026-04-26 13:49:59.08895|
[2026-04-26T13:50:00.987+0000] {subprocess.py:93} INFO - |CanoeSprint    |NULL  |Male  |GBR        |181.26548672566372|79.15044247787611|2026-04-26 13:49:59.08895|
[2026-04-26T13:50:00.987+0000] {subprocess.py:93} INFO - |CanoeSprint    |NULL  |Male  |UZB        |185.08333333333334|84.22222222222223|2026-04-26 13:49:59.08895|
[2026-04-26T13:50:00.987+0000] {subprocess.py:93} INFO - |Athletics      |NULL  |Female|KGZ        |173.0             |58.04761904761905|2026-04-26 13:49:59.08895|
[2026-04-26T13:50:00.988+0000] {subprocess.py:93} INFO - +---------------+------+------+-----------+------------------+-----------------+-------------------------+
[2026-04-26T13:50:00.988+0000] {subprocess.py:93} INFO - only showing top 20 rows
[2026-04-26T13:50:00.988+0000] {subprocess.py:93} INFO - 
[2026-04-26T13:50:03.113+0000] {subprocess.py:93} INFO - Saved to /opt/***/dags/dags/shepeta_fp/gold/avg_stats
[2026-04-26T13:50:03.711+0000] {subprocess.py:93} INFO - 
[2026-04-26T13:50:03.712+0000] {subprocess.py:93} INFO - Silver to Gold — завершено!
[2026-04-26T13:50:03.865+0000] {subprocess.py:97} INFO - Command exited with return code 0
[2026-04-26T13:50:03.866+0000] {taskinstance.py:441} INFO - ::group::Post task execution logs
[2026-04-26T13:50:03.905+0000] {taskinstance.py:1206} INFO - Marking task as SUCCESS. dag_id=shepeta_fp_datalake_pipeline, task_id=silver_to_gold, run_id=manual__2026-04-26T13:47:38.908519+00:00, execution_date=20260426T134738, start_date=20260426T134941, end_date=20260426T135003
[2026-04-26T13:50:03.960+0000] {local_task_job_runner.py:243} INFO - Task exited with return code 0
[2026-04-26T13:50:03.982+0000] {taskinstance.py:3503} INFO - 0 downstream tasks scheduled from follow-on schedule check
[2026-04-26T13:50:03.984+0000] {local_task_job_runner.py:222} INFO - ::endgroup::
